17:26:37.699 DEBUG 获取到配置信息: 
17:26:37.699 DEBUG {"watcher":{"enable":true,"ignored":"./dist/*","depth":99},"outPut":{"minifyCss":false,"minifyJs":false,"outFileAddVersion":false},"serverPort":8080,"server":true,"autoReload":true,"root":"/src","entry":"home","title":"页面","outFolder":"./dist","resourceFolder":"./src/resource","headList":[{"http-equiv":"content-type","content":"text/html; charset=UTF-8"},{"name":"viewport","content":"width=device-width,initial-scale=1,user-scalable=no"}],"scriptList":[{"name":"main","src":"./src/main.js","babel":true},{"name":"tagcanvas","src":"./src/script/tagcanvas.js","babel":false,"defer":false},{"name":"swiper2","src":"./src/script/idangerous.swiper2.7.6.min.js"},{"name":"3dflow","src":"./src/script/idangerous.swiper.3dflow.js"}],"styleList":[{"name":"swiper2","src":"./src/style/idangerous.swiper2.7.6.css"},{"name":"3dflow","src":"./src/style/idangerous.swiper.3dflow.css"},{"name":"main","resource":true,"src":"./src/main.css"}],"pageList":[{"main":true,"isPage":true,"name":"home","src":"./src/page/home.page","temple":"<temple name=\"home\" src=\"./src/page/home.page\" isPage=\"true\"></temple>"}],"dev":{"watcher":{"enable":true,"ignored":"./dist/*","depth":99},"outPut":{"minifyCss":false,"minifyJs":false,"outFileAddVersion":false},"serverPort":8080,"server":true,"autoReload":true},"build":{"basePath":"./","outPut":{"minifyCss":true,"minifyJs":true,"addVersion":true}}} 
17:26:37.699 INFO  --------------------------- 开始编译 --------------------------- 
17:26:37.699 INFO  程序运行目录: D:\work\take a message 
17:26:37.699 INFO  首次启动! 
17:26:37.699 INFO  生成版本号: cflko1bng39 
17:26:37.705 INFO  清理资源文件夹: D:\work\take a message\dist\static 
17:26:37.705 INFO  文件夹不存在: D:\work\take a message\dist\static 
17:26:37.706 INFO  创建文件夹: D:\work\take a message\dist\static 
17:26:37.706 INFO  读取模板文件: C:\Users\PG\Documents\GitHub\PG\index.html 
17:26:37.706 DEBUG 读取网页标题: 页面 
17:26:37.706 DEBUG 处理页面源信息: [{"http-equiv":"content-type","content":"text/html; charset=UTF-8"},{"name":"viewport","content":"width=device-width,initial-scale=1,user-scalable=no"}] 
17:26:37.727 DEBUG 处理模板: ./src/page/topBar.page 
17:26:37.740 DEBUG 处理模板: ./src/page/banner.page 
17:26:37.743 DEBUG 处理模板: ./src/page/tagCloud.page 
17:26:37.856 DEBUG 处理模板: ./src/page/messageBox.page 
17:26:37.859 DEBUG 处理模板: ./src/page/swiper.page 
17:26:37.892 DEBUG 处理模板: ./src/page/footer.page 
17:26:37.903 DEBUG 处理模板: http://cunchu.site/ozzx/template/copyright.page 
17:26:38.499 DEBUG 处理模板: ./src/page/showImageBox.page 
17:26:38.514 DEBUG 页面中使用到的动画列表: [object Set] 
17:26:38.515 INFO  文件夹不存在: D:\work\take a message\dist\static\resource 
17:26:38.516 INFO  创建文件夹: D:\work\take a message\dist\static\resource 
17:26:38.530 INFO  文件夹不存在: D:\work\take a message\dist\static\css 
17:26:38.531 INFO  创建文件夹: D:\work\take a message\dist\static\css 
17:26:38.531 INFO  写文件: D:\work\take a message\dist\static\css\ozzx.animation.css 
17:26:38.532 DEBUG 页面中不包含切换动画! 
17:26:40.172 INFO  文件夹不存在: D:\work\take a message\dist\static\js 
17:26:40.172 INFO  创建文件夹: D:\work\take a message\dist\static\js 
17:26:40.173 INFO  读取文件: C:\Users\PG\Documents\GitHub\PG\core\debug\autoReload.js 
17:26:40.173 DEBUG 处理引用脚本: [{"name":"main","src":"./src/main.js","babel":true},{"name":"tagcanvas","src":"./src/script/tagcanvas.js","babel":false,"defer":false},{"name":"swiper2","src":"./src/script/idangerous.swiper2.7.6.min.js"},{"name":"3dflow","src":"./src/script/idangerous.swiper.3dflow.js"}] 
17:26:40.173 DEBUG 外部脚本数量: 4 
17:26:40.173 DEBUG 处理脚本: main 
17:26:40.173 DEBUG 使用bable处理脚本! 
17:26:40.173 DEBUG 处理脚本: tagcanvas 
17:26:40.173 DEBUG 不使用bable处理脚本! 
17:26:40.173 INFO  读取文件: D:\work\take a message\src\script\tagcanvas.js 
17:26:40.173 DEBUG 处理脚本: swiper2 
17:26:40.173 DEBUG 不使用bable处理脚本! 
17:26:40.173 INFO  读取文件: D:\work\take a message\src\script\idangerous.swiper2.7.6.min.js 
17:26:40.173 DEBUG 处理脚本: 3dflow 
17:26:40.173 DEBUG 不使用bable处理脚本! 
17:26:40.173 INFO  读取文件: D:\work\take a message\src\script\idangerous.swiper.3dflow.js 
17:26:40.173 INFO  监控文件夹变化: D:\work\take a message\src 
17:26:40.186 INFO  服务器运行在: 127.0.0.1:8080 
17:26:40.381 DEBUG 需要经过特殊处理的css: [[".ox-titleBar .title-bar ",".ox-titleBar "],[".ox-banner .banner-box ",".ox-banner "],[".ox-messageBox .message-box ",".ox-messageBox "],[".ox-swiper .swiper-container ",".ox-swiper "],[".ox-footer .footer-box ",".ox-footer "],[".ox-copyright .copyright-box ",".ox-copyright "],[".ox-showBox .show-box ",".ox-showBox "],[".ox-home .main-box ",".ox-home "]] 
17:26:40.382 INFO  读取文件: D:\work\take a message\src\style\idangerous.swiper2.7.6.css 
17:26:40.382 INFO  读取文件: D:\work\take a message\src\style\idangerous.swiper.3dflow.css 
17:26:40.383 DEBUG 判断是否可以输出Html! 
17:26:40.383 DEBUG 还有没有经过处理的资源! 
17:26:40.421 INFO  读取成功: C:\Users\PG\Documents\GitHub\PG\core\debug\autoReload.js 
17:26:40.429 INFO  读取成功: D:\work\take a message\src\script\idangerous.swiper.3dflow.js 
17:26:40.429 INFO  读取成功: D:\work\take a message\src\style\idangerous.swiper.3dflow.css 
17:26:40.429 INFO  读取成功: D:\work\take a message\src\main.css 
17:26:40.430 INFO  读取成功: D:\work\take a message\src\style\idangerous.swiper2.7.6.css 
17:26:41.063 INFO  写入文件: D:\work\take a message\dist\static\js\autoReload.js 
17:26:41.063 INFO  写入文件: D:\work\take a message\dist\static\css\3dflow.css 
17:26:41.064 INFO  使用babel处理并生成文件: D:\work\take a message\dist\static\js\main.js 
17:26:41.064 DEBUG 判断是否可以输出Html! 
17:26:41.064 DEBUG 准备输出html! 
17:26:41.074 INFO  发送重新页面需要刷新命令! 
17:26:41.074 INFO  写入文件: D:\work\take a message\dist\static\js\3dflow.js 
17:26:41.075 INFO  写入文件: D:\work\take a message\dist\static\css\main.css 
17:26:41.075 INFO  写入文件: D:\work\take a message\dist\static\css\swiper2.css 
17:26:41.104 INFO  读取成功: D:\work\take a message\src\script\idangerous.swiper2.7.6.min.js 
17:26:41.106 INFO  读取成功: D:\work\take a message\src\script\tagcanvas.js 
17:26:41.178 INFO  写入文件: D:\work\take a message\dist\static\js\tagcanvas.js 
17:26:41.178 INFO  写入文件: D:\work\take a message\dist\static\js\swiper2.js 
17:34:41.414 INFO  file change: D:\work\take a message\src\page\banner.page 
17:34:41.414 INFO  --------------------------- 开始编译 --------------------------- 
17:34:41.414 INFO  程序运行目录: D:\work\take a message 
17:34:41.414 INFO  刷新模式,变化目录: D:\work\take a message\src\page\banner.page 
17:34:41.414 INFO  读取模板文件: C:\Users\PG\Documents\GitHub\PG\index.html 
17:34:41.414 DEBUG 读取网页标题: 页面 
17:34:41.414 DEBUG 处理页面源信息: [{"http-equiv":"content-type","content":"text/html; charset=UTF-8"},{"name":"viewport","content":"width=device-width,initial-scale=1,user-scalable=no"}] 
17:34:41.420 DEBUG 处理模板: ./src/page/topBar.page 
17:34:41.427 DEBUG 处理模板: ./src/page/banner.page 
17:34:41.442 DEBUG 处理模板: ./src/page/tagCloud.page 
17:34:41.470 DEBUG 处理模板: ./src/page/messageBox.page 
17:34:41.475 DEBUG 处理模板: ./src/page/swiper.page 
17:34:41.490 DEBUG 处理模板: ./src/page/footer.page 
17:34:41.501 DEBUG 处理模板: http://cunchu.site/ozzx/template/copyright.page 
17:34:41.810 DEBUG 处理模板: ./src/page/showImageBox.page 
17:34:41.818 DEBUG 页面中使用到的动画列表: [object Set] 
17:34:41.818 DEBUG 忽略文件: D:\work\take a message\src\resource\banana.png 
17:34:41.818 DEBUG 忽略文件: D:\work\take a message\src\resource\difang-logo.png 
17:34:41.818 DEBUG 忽略文件: D:\work\take a message\src\resource\close.png 
17:34:41.819 DEBUG 忽略文件: D:\work\take a message\src\resource\care.png 
17:34:41.819 DEBUG 忽略文件: D:\work\take a message\src\resource\discuss.png 
17:34:41.819 DEBUG 忽略文件: D:\work\take a message\src\resource\other.png 
17:34:41.822 INFO  写文件: D:\work\take a message\dist\static\css\ozzx.animation.css 
17:34:41.822 DEBUG 页面中不包含切换动画! 
17:34:41.960 DEBUG 处理引用脚本: [{"name":"main","src":"./src/main.js","babel":true},{"name":"tagcanvas","src":"./src/script/tagcanvas.js","babel":false,"defer":false},{"name":"swiper2","src":"./src/script/idangerous.swiper2.7.6.min.js"},{"name":"3dflow","src":"./src/script/idangerous.swiper.3dflow.js"}] 
17:34:41.960 DEBUG 外部脚本数量: 4 
17:34:41.960 DEBUG 处理脚本: main 
17:34:41.960 DEBUG 使用bable处理脚本! 
17:34:41.960 DEBUG 处理脚本: tagcanvas 
17:34:41.960 DEBUG 不使用bable处理脚本! 
17:34:41.960 DEBUG 处理脚本: swiper2 
17:34:41.960 DEBUG 不使用bable处理脚本! 
17:34:41.960 DEBUG 处理脚本: 3dflow 
17:34:41.960 DEBUG 不使用bable处理脚本! 
17:34:41.960 DEBUG 判断是否可以输出Html! 
17:34:41.960 DEBUG 还有没有经过处理的资源! 
17:34:42.092 DEBUG 需要经过特殊处理的css: [[".ox-titleBar .title-bar ",".ox-titleBar "],[".ox-banner .banner-box ",".ox-banner "],[".ox-messageBox .message-box ",".ox-messageBox "],[".ox-swiper .swiper-container ",".ox-swiper "],[".ox-footer .footer-box ",".ox-footer "],[".ox-copyright .copyright-box ",".ox-copyright "],[".ox-showBox .show-box ",".ox-showBox "],[".ox-home .main-box ",".ox-home "]] 
17:34:42.093 DEBUG 判断是否可以输出Html! 
17:34:42.093 DEBUG 准备输出html! 
17:34:42.093 DEBUG 忽略文件: D:\work\take a message\src\resource\logo.png 
17:34:42.093 DEBUG 忽略文件: D:\work\take a message\src\resource\1.jpg 
17:34:42.093 DEBUG 忽略文件: D:\work\take a message\src\resource\2.jpg 
17:34:42.093 DEBUG 忽略文件: D:\work\take a message\src\resource\3.jpg 
17:34:42.093 DEBUG 忽略文件: D:\work\take a message\src\resource\4.png 
17:34:42.093 DEBUG 忽略文件: D:\work\take a message\src\resource\5.jpg 
17:34:42.093 DEBUG 忽略文件: D:\work\take a message\src\resource\6.png 
17:34:42.093 DEBUG 忽略文件: D:\work\take a message\src\resource\7.jpg 
17:34:42.093 DEBUG 忽略文件: D:\work\take a message\src\resource\8.jpg 
17:34:42.093 DEBUG 忽略文件: D:\work\take a message\src\resource\left_icon.png 
17:34:42.093 DEBUG 忽略文件: D:\work\take a message\src\resource\right_icon.png 
17:34:42.093 DEBUG 忽略文件: D:\work\take a message\src\resource\qr.png 
17:34:42.093 DEBUG 忽略文件: D:\work\take a message\src\resource\qr.png 
17:34:42.093 DEBUG 忽略文件: D:\work\take a message\src\resource\qr.png 
17:34:42.093 DEBUG 忽略文件: D:\work\take a message\src\resource\1.jpg 
17:34:42.095 INFO  发送重新页面需要刷新命令! 
